Watching for file changes with StatReloader
Performing system checks...

System check identified no issues (0 silenced).
December 01, 2024 - 11:03:47
Django version 5.1.3, using settings 'trf_project.settings'
Starting development server at http://0.0.0.0:8000/
Quit the server with CONTROL-C.

/workspace/trf_manager/trf_core/models.py changed, reloading.
Watching for file changes with StatReloader
Performing system checks...

System check identified no issues (0 silenced).
December 01, 2024 - 11:57:01
Django version 5.1.3, using settings 'trf_project.settings'
Starting development server at http://0.0.0.0:8000/
Quit the server with CONTROL-C.

/workspace/trf_manager/trf_core/models.py changed, reloading.
Watching for file changes with StatReloader
Performing system checks...

System check identified no issues (0 silenced).
December 01, 2024 - 11:59:47
Django version 5.1.3, using settings 'trf_project.settings'
Starting development server at http://0.0.0.0:8000/
Quit the server with CONTROL-C.

/workspace/trf_manager/trf_core/models.py changed, reloading.
Watching for file changes with StatReloader
Performing system checks...

System check identified no issues (0 silenced).
December 01, 2024 - 12:00:14
Django version 5.1.3, using settings 'trf_project.settings'
Starting development server at http://0.0.0.0:8000/
Quit the server with CONTROL-C.

/workspace/trf_manager/trf_core/views.py changed, reloading.
Watching for file changes with StatReloader
Performing system checks...

System check identified no issues (0 silenced).
December 01, 2024 - 12:01:03
Django version 5.1.3, using settings 'trf_project.settings'
Starting development server at http://0.0.0.0:8000/
Quit the server with CONTROL-C.

/workspace/trf_manager/trf_core/views.py changed, reloading.
Watching for file changes with StatReloader
Performing system checks...

System check identified no issues (0 silenced).
December 01, 2024 - 12:02:25
Django version 5.1.3, using settings 'trf_project.settings'
Starting development server at http://0.0.0.0:8000/
Quit the server with CONTROL-C.

/workspace/trf_manager/trf_core/urls.py changed, reloading.
Watching for file changes with StatReloader
Performing system checks...

System check identified no issues (0 silenced).
December 01, 2024 - 12:03:21
Django version 5.1.3, using settings 'trf_project.settings'
Starting development server at http://0.0.0.0:8000/
Quit the server with CONTROL-C.

